mode: set
demo-mcp-guard/decision/decision.go:28.49,29.37 1 1
demo-mcp-guard/decision/decision.go:29.37,31.6 1 1
demo-mcp-guard/decision/decision.go:32.5,32.47 1 1
demo-mcp-guard/decision/decision.go:32.47,33.64 1 0
demo-mcp-guard/decision/decision.go:33.64,35.10 1 0
demo-mcp-guard/decision/decision.go:37.5,37.14 1 1
demo-mcp-guard/decision/decision.go:40.46,42.27 2 1
demo-mcp-guard/decision/decision.go:42.27,44.6 1 1
demo-mcp-guard/decision/decision.go:45.5,45.13 1 1
demo-mcp-guard/decision/decision.go:48.51,50.22 2 1
demo-mcp-guard/decision/decision.go:50.22,51.30 1 1
demo-mcp-guard/decision/decision.go:51.30,53.10 1 1
demo-mcp-guard/decision/decision.go:55.5,55.15 1 1
demo-mcp-guard/decision/decision.go:58.47,61.44 3 1
demo-mcp-guard/decision/decision.go:61.44,63.25 2 1
demo-mcp-guard/decision/decision.go:63.25,65.10 1 1
demo-mcp-guard/decision/decision.go:67.5,71.22 5 1
demo-mcp-guard/decision/decision.go:71.22,74.6 2 1
demo-mcp-guard/decision/decision.go:75.5,75.22 1 1
demo-mcp-guard/decision/decision.go:75.22,78.6 2 0
demo-mcp-guard/decision/decision.go:79.5,79.21 1 1
demo-mcp-guard/decision/decision.go:79.21,80.45 1 1
demo-mcp-guard/decision/decision.go:80.45,83.10 2 1
demo-mcp-guard/decision/decision.go:85.5,87.13 3 1
